DEPRECATION WARNING: Single arity template handlers are deprecated. Template handlers must
now accept two parameters, the view object and the source for the view object.
Change:
  >> Coffee::Rails::TemplateHandler.call(template)
To:
  >> Coffee::Rails::TemplateHandler.call(template, source)
 (called from <main> at /var/www/app/config/environment.rb:5)
DEPRECATION WARNING: Single arity template handlers are deprecated. Template handlers must
now accept two parameters, the view object and the source for the view object.
Change:
  >> Coffee::Rails::TemplateHandler.call(template)
To:
  >> Coffee::Rails::TemplateHandler.call(template, source)
 (called from <main> at /var/www/app/config/environment.rb:5)
Started GET "/" for 172.23.0.1 at 2020-11-03 12:39:51 +0000
Cannot render console from 172.23.0.1! Allowed networks: 127.0.0.0/127.255.255.255, ::1
  
PG::ConnectionBad (could not connect to server: Connection refused
	Is the server running on host "postgres" (172.23.0.2) and accepting
	TCP/IP connections on port 55432?
):
  
pg (1.2.3) lib/pg.rb:58:in `initialize'
pg (1.2.3) lib/pg.rb:58:in `new'
pg (1.2.3) lib/pg.rb:58:in `connect'
activerecord (6.0.3.4) lib/active_record/connection_adapters/postgresql_adapter.rb:46:in `postgresql_connection'
activerecord (6.0.3.4) lib/active_record/connection_adapters/abstract/connection_pool.rb:887:in `new_connection'
activerecord (6.0.3.4) lib/active_record/connection_adapters/abstract/connection_pool.rb:931:in `checkout_new_connection'
activerecord (6.0.3.4) lib/active_record/connection_adapters/abstract/connection_pool.rb:910:in `try_to_checkout_new_connection'
activerecord (6.0.3.4) lib/active_record/connection_adapters/abstract/connection_pool.rb:871:in `acquire_connection'
activerecord (6.0.3.4) lib/active_record/connection_adapters/abstract/connection_pool.rb:593:in `checkout'
activerecord (6.0.3.4) lib/active_record/connection_adapters/abstract/connection_pool.rb:437:in `connection'
activerecord (6.0.3.4) lib/active_record/connection_adapters/abstract/connection_pool.rb:1119:in `retrieve_connection'
activerecord (6.0.3.4) lib/active_record/connection_handling.rb:221:in `retrieve_connection'
activerecord (6.0.3.4) lib/active_record/connection_handling.rb:189:in `connection'
activerecord (6.0.3.4) lib/active_record/migration.rb:562:in `call'
actionpack (6.0.3.4) lib/action_dispatch/middleware/callbacks.rb:27:in `block in call'
activesupport (6.0.3.4) lib/active_support/callbacks.rb:101:in `run_callbacks'
actionpack (6.0.3.4) lib/action_dispatch/middleware/callbacks.rb:26:in `call'
actionpack (6.0.3.4) lib/action_dispatch/middleware/executor.rb:14:in `call'
actionpack (6.0.3.4) lib/action_dispatch/middleware/actionable_exceptions.rb:18:in `call'
actionpack (6.0.3.4) lib/action_dispatch/middleware/debug_exceptions.rb:32:in `call'
web-console (4.0.4) lib/web_console/middleware.rb:132:in `call_app'
web-console (4.0.4) lib/web_console/middleware.rb:19:in `block in call'
web-console (4.0.4) lib/web_console/middleware.rb:17:in `catch'
web-console (4.0.4) lib/web_console/middleware.rb:17:in `call'
actionpack (6.0.3.4) lib/action_dispatch/middleware/show_exceptions.rb:33:in `call'
railties (6.0.3.4) lib/rails/rack/logger.rb:37:in `call_app'
railties (6.0.3.4) lib/rails/rack/logger.rb:26:in `block in call'
activesupport (6.0.3.4) lib/active_support/tagged_logging.rb:80:in `block in tagged'
activesupport (6.0.3.4) lib/active_support/tagged_logging.rb:28:in `tagged'
activesupport (6.0.3.4) lib/active_support/tagged_logging.rb:80:in `tagged'
railties (6.0.3.4) lib/rails/rack/logger.rb:26:in `call'
sprockets-rails (3.2.2) lib/sprockets/rails/quiet_assets.rb:13:in `call'
actionpack (6.0.3.4) lib/action_dispatch/middleware/remote_ip.rb:81:in `call'
actionpack (6.0.3.4) lib/action_dispatch/middleware/request_id.rb:27:in `call'
rack (2.2.3) lib/rack/method_override.rb:24:in `call'
rack (2.2.3) lib/rack/runtime.rb:22:in `call'
activesupport (6.0.3.4) lib/active_support/cache/strategy/local_cache_middleware.rb:29:in `call'
actionpack (6.0.3.4) lib/action_dispatch/middleware/executor.rb:14:in `call'
actionpack (6.0.3.4) lib/action_dispatch/middleware/static.rb:126:in `call'
rack (2.2.3) lib/rack/sendfile.rb:110:in `call'
actionpack (6.0.3.4) lib/action_dispatch/middleware/host_authorization.rb:82:in `call'
railties (6.0.3.4) lib/rails/engine.rb:527:in `call'
puma (3.12.6) lib/puma/configuration.rb:227:in `call'
puma (3.12.6) lib/puma/server.rb:706:in `handle_request'
puma (3.12.6) lib/puma/server.rb:476:in `process_client'
puma (3.12.6) lib/puma/server.rb:334:in `block in run'
puma (3.12.6) lib/puma/thread_pool.rb:135:in `block in spawn_thread'
DEPRECATION WARNING: Single arity template handlers are deprecated. Template handlers must
now accept two parameters, the view object and the source for the view object.
Change:
  >> Coffee::Rails::TemplateHandler.call(template)
To:
  >> Coffee::Rails::TemplateHandler.call(template, source)
 (called from <main> at /var/www/app/config/environment.rb:5)
Started GET "/" for 172.23.0.1 at 2020-11-03 12:40:46 +0000
Cannot render console from 172.23.0.1! Allowed networks: 127.0.0.0/127.255.255.255, ::1
Processing by Rails::WelcomeController#index as HTML
  Rendering /usr/local/bundle/gems/railties-6.0.3.4/lib/rails/templates/rails/welcome/index.html.erb
  Rendered /usr/local/bundle/gems/railties-6.0.3.4/lib/rails/templates/rails/welcome/index.html.erb (Duration: 6.0ms | Allocations: 291)
Completed 200 OK in 16ms (Views: 8.8ms | ActiveRecord: 0.0ms | Allocations: 1897)


DEPRECATION WARNING: Single arity template handlers are deprecated. Template handlers must
now accept two parameters, the view object and the source for the view object.
Change:
  >> Coffee::Rails::TemplateHandler.call(template)
To:
  >> Coffee::Rails::TemplateHandler.call(template, source)
 (called from <main> at /var/www/app/config/environment.rb:5)
Started GET "/" for 172.23.0.1 at 2020-11-03 12:41:20 +0000
Cannot render console from 172.23.0.1! Allowed networks: 127.0.0.0/127.255.255.255, ::1
Processing by Rails::WelcomeController#index as HTML
  Rendering /usr/local/bundle/gems/railties-6.0.3.4/lib/rails/templates/rails/welcome/index.html.erb
  Rendered /usr/local/bundle/gems/railties-6.0.3.4/lib/rails/templates/rails/welcome/index.html.erb (Duration: 4.5ms | Allocations: 291)
Completed 200 OK in 11ms (Views: 6.1ms | ActiveRecord: 0.0ms | Allocations: 1897)


DEPRECATION WARNING: Single arity template handlers are deprecated. Template handlers must
now accept two parameters, the view object and the source for the view object.
Change:
  >> Coffee::Rails::TemplateHandler.call(template)
To:
  >> Coffee::Rails::TemplateHandler.call(template, source)
 (called from <main> at /var/www/app/config/environment.rb:5)
  [1m[35m (0.6ms)[0m  [1m[35mCREATE DATABASE "db_pub_sub" ENCODING = 'unicode'[0m
DEPRECATION WARNING: Single arity template handlers are deprecated. Template handlers must
now accept two parameters, the view object and the source for the view object.
Change:
  >> Coffee::Rails::TemplateHandler.call(template)
To:
  >> Coffee::Rails::TemplateHandler.call(template, source)
 (called from <main> at /var/www/app/config/environment.rb:5)
  [1m[35m (109.1ms)[0m  [1m[35mCREATE TABLE "schema_migrations" ("version" character varying NOT NULL PRIMARY KEY)[0m
  [1m[35m (62.8ms)[0m  [1m[35mCREATE TABLE "ar_internal_metadata" ("key" character varying NOT NULL PRIMARY KEY, "value" character varying, "created_at" timestamp(6) NOT NULL, "updated_at" timestamp(6) NOT NULL)[0m
  [1m[35m (0.2ms)[0m  [1m[34mSELECT pg_try_advisory_lock(5694930198169289490)[0m
  [1m[35m (0.7ms)[0m  [1m[34mSELECT "schema_migrations"."version" FROM "schema_migrations" ORDER BY "schema_migrations"."version" ASC[0m
  [1m[36mActiveRecord::InternalMetadata Load (0.3ms)[0m  [1m[34mSELECT "ar_internal_metadata".* FROM "ar_internal_metadata" WHERE "ar_internal_metadata"."key" = $1 LIMIT $2[0m  [["key", "environment"], ["LIMIT", 1]]
  [1m[35m (0.2ms)[0m  [1m[35mBEGIN[0m
  [1m[36mActiveRecord::InternalMetadata Create (0.5ms)[0m  [1m[32mINSERT INTO "ar_internal_metadata" ("key", "value", "created_at", "updated_at") VALUES ($1, $2, $3, $4) RETURNING "key"[0m  [["key", "environment"], ["value", "development"], ["created_at", "2020-11-03 16:07:37.229112"], ["updated_at", "2020-11-03 16:07:37.229112"]]
  [1m[35m (2.1ms)[0m  [1m[35mCOMMIT[0m
  [1m[35m (0.4ms)[0m  [1m[34mSELECT pg_advisory_unlock(5694930198169289490)[0m
  [1m[35m (0.6ms)[0m  [1m[34mSELECT "schema_migrations"."version" FROM "schema_migrations" ORDER BY "schema_migrations"."version" ASC[0m
DEPRECATION WARNING: Single arity template handlers are deprecated. Template handlers must
now accept two parameters, the view object and the source for the view object.
Change:
  >> Coffee::Rails::TemplateHandler.call(template)
To:
  >> Coffee::Rails::TemplateHandler.call(template, source)
 (called from <main> at /var/www/app/config/environment.rb:5)
  [1m[35m (0.2ms)[0m  [1m[34mSELECT pg_try_advisory_lock(5694930198169289490)[0m
  [1m[35m (0.9ms)[0m  [1m[34mSELECT "schema_migrations"."version" FROM "schema_migrations" ORDER BY "schema_migrations"."version" ASC[0m
  [1m[36mActiveRecord::InternalMetadata Load (0.5ms)[0m  [1m[34mSELECT "ar_internal_metadata".* FROM "ar_internal_metadata" WHERE "ar_internal_metadata"."key" = $1 LIMIT $2[0m  [["key", "environment"], ["LIMIT", 1]]
  [1m[35m (0.4ms)[0m  [1m[34mSELECT pg_advisory_unlock(5694930198169289490)[0m
  [1m[35m (0.5ms)[0m  [1m[34mSELECT "schema_migrations"."version" FROM "schema_migrations" ORDER BY "schema_migrations"."version" ASC[0m
DEPRECATION WARNING: Single arity template handlers are deprecated. Template handlers must
now accept two parameters, the view object and the source for the view object.
Change:
  >> Coffee::Rails::TemplateHandler.call(template)
To:
  >> Coffee::Rails::TemplateHandler.call(template, source)
 (called from <main> at /var/www/app/config/environment.rb:5)
  [1m[36mOrder Load (0.4ms)[0m  [1m[34mSELECT "orders".* FROM "orders" ORDER BY "orders"."id" ASC LIMIT $1[0m  [["LIMIT", 1]]
  [1m[36mOrder Load (0.3ms)[0m  [1m[34mSELECT "orders".* FROM "orders" WHERE "orders"."status" = $1 LIMIT $2[0m  [["status", 1], ["LIMIT", 11]]
DEPRECATION WARNING: Single arity template handlers are deprecated. Template handlers must
now accept two parameters, the view object and the source for the view object.
Change:
  >> Coffee::Rails::TemplateHandler.call(template)
To:
  >> Coffee::Rails::TemplateHandler.call(template, source)
 (called from <main> at /var/www/app/config/environment.rb:5)
  [1m[35m (0.8ms)[0m  [1m[34mSELECT "schema_migrations"."version" FROM "schema_migrations" ORDER BY "schema_migrations"."version" ASC[0m
  [1m[35m (0.5ms)[0m  [1m[34mSELECT "schema_migrations"."version" FROM "schema_migrations" ORDER BY "schema_migrations"."version" ASC[0m
  [1m[35m (0.2ms)[0m  [1m[34mSELECT "schema_migrations"."version" FROM "schema_migrations" ORDER BY "schema_migrations"."version" ASC[0m
  [1m[35m (0.2ms)[0m  [1m[34mSELECT pg_try_advisory_lock(5694930198169289490)[0m
  [1m[35m (0.5ms)[0m  [1m[34mSELECT "schema_migrations"."version" FROM "schema_migrations" ORDER BY "schema_migrations"."version" ASC[0m
Migrating to CreateOrders (20201103163327)
  [1m[35m (0.3ms)[0m  [1m[35mBEGIN[0m
  [1m[35m (1.2ms)[0m  [1m[35mDROP TABLE "orders"[0m
  [1m[36mprimary::SchemaMigration Destroy (0.5ms)[0m  [1m[31mDELETE FROM "schema_migrations" WHERE "schema_migrations"."version" = $1[0m  [["version", "20201103163327"]]
  [1m[35m (80.2ms)[0m  [1m[35mCOMMIT[0m
  [1m[35m (0.6ms)[0m  [1m[34mSELECT pg_advisory_unlock(5694930198169289490)[0m
  [1m[35m (0.7ms)[0m  [1m[34mSELECT "schema_migrations"."version" FROM "schema_migrations" ORDER BY "schema_migrations"."version" ASC[0m
DEPRECATION WARNING: Single arity template handlers are deprecated. Template handlers must
now accept two parameters, the view object and the source for the view object.
Change:
  >> Coffee::Rails::TemplateHandler.call(template)
To:
  >> Coffee::Rails::TemplateHandler.call(template, source)
 (called from <main> at /var/www/app/config/environment.rb:5)
  [1m[35m (0.2ms)[0m  [1m[34mSELECT pg_try_advisory_lock(5694930198169289490)[0m
  [1m[35m (1.0ms)[0m  [1m[34mSELECT "schema_migrations"."version" FROM "schema_migrations" ORDER BY "schema_migrations"."version" ASC[0m
Migrating to CreateOrders (20201103163327)
  [1m[35m (0.3ms)[0m  [1m[35mBEGIN[0m
  [1m[35m (116.5ms)[0m  [1m[35mCREATE TABLE "orders" ("id" bigserial primary key, "final_number" integer, "total" decimal, "status" integer, "created_at" timestamp(6) NOT NULL, "updated_at" timestamp(6) NOT NULL)[0m
  [1m[36mprimary::SchemaMigration Create (0.4ms)[0m  [1m[32mINSERT INTO "schema_migrations" ("version") VALUES ($1) RETURNING "version"[0m  [["version", "20201103163327"]]
  [1m[35m (9.9ms)[0m  [1m[35mCOMMIT[0m
  [1m[36mActiveRecord::InternalMetadata Load (0.5ms)[0m  [1m[34mSELECT "ar_internal_metadata".* FROM "ar_internal_metadata" WHERE "ar_internal_metadata"."key" = $1 LIMIT $2[0m  [["key", "environment"], ["LIMIT", 1]]
  [1m[35m (0.4ms)[0m  [1m[34mSELECT pg_advisory_unlock(5694930198169289490)[0m
  [1m[35m (0.5ms)[0m  [1m[34mSELECT "schema_migrations"."version" FROM "schema_migrations" ORDER BY "schema_migrations"."version" ASC[0m
DEPRECATION WARNING: Single arity template handlers are deprecated. Template handlers must
now accept two parameters, the view object and the source for the view object.
Change:
  >> Coffee::Rails::TemplateHandler.call(template)
To:
  >> Coffee::Rails::TemplateHandler.call(template, source)
 (called from <main> at /var/www/app/config/environment.rb:5)
  [1m[35m (0.9ms)[0m  [1m[34mSELECT "schema_migrations"."version" FROM "schema_migrations" ORDER BY "schema_migrations"."version" ASC[0m
  [1m[35m (0.2ms)[0m  [1m[35mBEGIN[0m
  [1m[36mOrder Create (0.9ms)[0m  [1m[32mINSERT INTO "orders" ("final_number", "total", "status", "created_at", "updated_at") VALUES ($1, $2, $3, $4, $5) RETURNING "id"[0m  [["final_number", 98], ["total", "416.0"], ["status", 0], ["created_at", "2020-11-03 16:40:33.339098"], ["updated_at", "2020-11-03 16:40:33.339098"]]
  [1m[35m (33.4ms)[0m  [1m[35mCOMMIT[0m
  [1m[35m (0.3ms)[0m  [1m[35mBEGIN[0m
  [1m[36mOrder Create (0.6ms)[0m  [1m[32mINSERT INTO "orders" ("final_number", "total", "status", "created_at", "updated_at") VALUES ($1, $2, $3, $4, $5) RETURNING "id"[0m  [["final_number", 48], ["total", "182.0"], ["status", 0], ["created_at", "2020-11-03 16:40:33.379343"], ["updated_at", "2020-11-03 16:40:33.379343"]]
  [1m[35m (7.3ms)[0m  [1m[35mCOMMIT[0m
  [1m[35m (0.2ms)[0m  [1m[35mBEGIN[0m
  [1m[36mOrder Create (0.6ms)[0m  [1m[32mINSERT INTO "orders" ("final_number", "total", "status", "created_at", "updated_at") VALUES ($1, $2, $3, $4, $5) RETURNING "id"[0m  [["final_number", 89], ["total", "766.0"], ["status", 0], ["created_at", "2020-11-03 16:40:33.394598"], ["updated_at", "2020-11-03 16:40:33.394598"]]
  [1m[35m (9.4ms)[0m  [1m[35mCOMMIT[0m
  [1m[35m (0.3ms)[0m  [1m[35mBEGIN[0m
  [1m[36mOrder Create (0.4ms)[0m  [1m[32mINSERT INTO "orders" ("final_number", "total", "status", "created_at", "updated_at") VALUES ($1, $2, $3, $4, $5) RETURNING "id"[0m  [["final_number", 61], ["total", "421.0"], ["status", 0], ["created_at", "2020-11-03 16:40:33.412319"], ["updated_at", "2020-11-03 16:40:33.412319"]]
  [1m[35m (10.0ms)[0m  [1m[35mCOMMIT[0m
  [1m[35m (0.4ms)[0m  [1m[35mBEGIN[0m
  [1m[36mOrder Create (0.6ms)[0m  [1m[32mINSERT INTO "orders" ("final_number", "total", "status", "created_at", "updated_at") VALUES ($1, $2, $3, $4, $5) RETURNING "id"[0m  [["final_number", 28], ["total", "220.0"], ["status", 0], ["created_at", "2020-11-03 16:40:33.428887"], ["updated_at", "2020-11-03 16:40:33.428887"]]
  [1m[35m (8.1ms)[0m  [1m[35mCOMMIT[0m
  [1m[35m (0.3ms)[0m  [1m[35mBEGIN[0m
  [1m[36mOrder Create (0.5ms)[0m  [1m[32mINSERT INTO "orders" ("final_number", "total", "status", "created_at", "updated_at") VALUES ($1, $2, $3, $4, $5) RETURNING "id"[0m  [["final_number", 56], ["total", "340.0"], ["status", 0], ["created_at", "2020-11-03 16:40:33.445601"], ["updated_at", "2020-11-03 16:40:33.445601"]]
  [1m[35m (7.9ms)[0m  [1m[35mCOMMIT[0m
  [1m[35m (0.3ms)[0m  [1m[35mBEGIN[0m
  [1m[36mOrder Create (0.5ms)[0m  [1m[32mINSERT INTO "orders" ("final_number", "total", "status", "created_at", "updated_at") VALUES ($1, $2, $3, $4, $5) RETURNING "id"[0m  [["final_number", 42], ["total", "501.0"], ["status", 0], ["created_at", "2020-11-03 16:40:33.461244"], ["updated_at", "2020-11-03 16:40:33.461244"]]
  [1m[35m (9.7ms)[0m  [1m[35mCOMMIT[0m
  [1m[35m (0.3ms)[0m  [1m[35mBEGIN[0m
  [1m[36mOrder Create (0.5ms)[0m  [1m[32mINSERT INTO "orders" ("final_number", "total", "status", "created_at", "updated_at") VALUES ($1, $2, $3, $4, $5) RETURNING "id"[0m  [["final_number", 28], ["total", "353.0"], ["status", 0], ["created_at", "2020-11-03 16:40:33.484375"], ["updated_at", "2020-11-03 16:40:33.484375"]]
  [1m[35m (4.4ms)[0m  [1m[35mCOMMIT[0m
  [1m[35m (0.2ms)[0m  [1m[35mBEGIN[0m
  [1m[36mOrder Create (0.5ms)[0m  [1m[32mINSERT INTO "orders" ("final_number", "total", "status", "created_at", "updated_at") VALUES ($1, $2, $3, $4, $5) RETURNING "id"[0m  [["final_number", 81], ["total", "939.0"], ["status", 0], ["created_at", "2020-11-03 16:40:33.494703"], ["updated_at", "2020-11-03 16:40:33.494703"]]
  [1m[35m (2.4ms)[0m  [1m[35mCOMMIT[0m
  [1m[35m (0.3ms)[0m  [1m[35mBEGIN[0m
  [1m[36mOrder Create (0.6ms)[0m  [1m[32mINSERT INTO "orders" ("final_number", "total", "status", "created_at", "updated_at") VALUES ($1, $2, $3, $4, $5) RETURNING "id"[0m  [["final_number", 94], ["total", "722.0"], ["status", 0], ["created_at", "2020-11-03 16:40:33.502987"], ["updated_at", "2020-11-03 16:40:33.502987"]]
  [1m[35m (2.5ms)[0m  [1m[35mCOMMIT[0m
  [1m[35m (0.2ms)[0m  [1m[35mBEGIN[0m
  [1m[36mOrder Create (0.5ms)[0m  [1m[32mINSERT INTO "orders" ("final_number", "total", "status", "created_at", "updated_at") VALUES ($1, $2, $3, $4, $5) RETURNING "id"[0m  [["final_number", 138], ["total", "354.0"], ["status", 1], ["created_at", "2020-11-03 16:40:33.511250"], ["updated_at", "2020-11-03 16:40:33.511250"]]
  [1m[35m (3.0ms)[0m  [1m[35mCOMMIT[0m
  [1m[35m (0.2ms)[0m  [1m[35mBEGIN[0m
  [1m[36mOrder Create (0.5ms)[0m  [1m[32mINSERT INTO "orders" ("final_number", "total", "status", "created_at", "updated_at") VALUES ($1, $2, $3, $4, $5) RETURNING "id"[0m  [["final_number", 114], ["total", "360.0"], ["status", 1], ["created_at", "2020-11-03 16:40:33.519466"], ["updated_at", "2020-11-03 16:40:33.519466"]]
  [1m[35m (2.7ms)[0m  [1m[35mCOMMIT[0m
  [1m[35m (0.2ms)[0m  [1m[35mBEGIN[0m
  [1m[36mOrder Create (0.4ms)[0m  [1m[32mINSERT INTO "orders" ("final_number", "total", "status", "created_at", "updated_at") VALUES ($1, $2, $3, $4, $5) RETURNING "id"[0m  [["final_number", 175], ["total", "700.0"], ["status", 1], ["created_at", "2020-11-03 16:40:33.527851"], ["updated_at", "2020-11-03 16:40:33.527851"]]
  [1m[35m (3.0ms)[0m  [1m[35mCOMMIT[0m
  [1m[35m (0.2ms)[0m  [1m[35mBEGIN[0m
  [1m[36mOrder Create (0.5ms)[0m  [1m[32mINSERT INTO "orders" ("final_number", "total", "status", "created_at", "updated_at") VALUES ($1, $2, $3, $4, $5) RETURNING "id"[0m  [["final_number", 147], ["total", "279.0"], ["status", 1], ["created_at", "2020-11-03 16:40:33.536343"], ["updated_at", "2020-11-03 16:40:33.536343"]]
  [1m[35m (6.4ms)[0m  [1m[35mCOMMIT[0m
  [1m[35m (0.3ms)[0m  [1m[35mBEGIN[0m
  [1m[36mOrder Create (0.5ms)[0m  [1m[32mINSERT INTO "orders" ("final_number", "total", "status", "created_at", "updated_at") VALUES ($1, $2, $3, $4, $5) RETURNING "id"[0m  [["final_number", 128], ["total", "861.0"], ["status", 1], ["created_at", "2020-11-03 16:40:33.554769"], ["updated_at", "2020-11-03 16:40:33.554769"]]
  [1m[35m (9.0ms)[0m  [1m[35mCOMMIT[0m
  [1m[35m (0.3ms)[0m  [1m[35mBEGIN[0m
  [1m[36mOrder Create (0.6ms)[0m  [1m[32mINSERT INTO "orders" ("final_number", "total", "status", "created_at", "updated_at") VALUES ($1, $2, $3, $4, $5) RETURNING "id"[0m  [["final_number", 242], ["total", "745.0"], ["status", 2], ["created_at", "2020-11-03 16:40:33.581961"], ["updated_at", "2020-11-03 16:40:33.581961"]]
  [1m[35m (9.0ms)[0m  [1m[35mCOMMIT[0m
  [1m[35m (0.3ms)[0m  [1m[35mBEGIN[0m
  [1m[36mOrder Create (0.5ms)[0m  [1m[32mINSERT INTO "orders" ("final_number", "total", "status", "created_at", "updated_at") VALUES ($1, $2, $3, $4, $5) RETURNING "id"[0m  [["final_number", 200], ["total", "747.0"], ["status", 2], ["created_at", "2020-11-03 16:40:33.604812"], ["updated_at", "2020-11-03 16:40:33.604812"]]
  [1m[35m (4.8ms)[0m  [1m[35mCOMMIT[0m
  [1m[35m (0.3ms)[0m  [1m[35mBEGIN[0m
  [1m[36mOrder Create (0.4ms)[0m  [1m[32mINSERT INTO "orders" ("final_number", "total", "status", "created_at", "updated_at") VALUES ($1, $2, $3, $4, $5) RETURNING "id"[0m  [["final_number", 202], ["total", "666.0"], ["status", 2], ["created_at", "2020-11-03 16:40:33.620077"], ["updated_at", "2020-11-03 16:40:33.620077"]]
  [1m[35m (9.7ms)[0m  [1m[35mCOMMIT[0m
  [1m[35m (0.4ms)[0m  [1m[35mBEGIN[0m
  [1m[36mOrder Create (1.6ms)[0m  [1m[32mINSERT INTO "orders" ("final_number", "total", "status", "created_at", "updated_at") VALUES ($1, $2, $3, $4, $5) RETURNING "id"[0m  [["final_number", 210], ["total", "208.0"], ["status", 2], ["created_at", "2020-11-03 16:40:33.640213"], ["updated_at", "2020-11-03 16:40:33.640213"]]
  [1m[35m (9.0ms)[0m  [1m[35mCOMMIT[0m
  [1m[35m (0.3ms)[0m  [1m[35mBEGIN[0m
  [1m[36mOrder Create (0.5ms)[0m  [1m[32mINSERT INTO "orders" ("final_number", "total", "status", "created_at", "updated_at") VALUES ($1, $2, $3, $4, $5) RETURNING "id"[0m  [["final_number", 279], ["total", "223.0"], ["status", 2], ["created_at", "2020-11-03 16:40:33.664803"], ["updated_at", "2020-11-03 16:40:33.664803"]]
  [1m[35m (5.8ms)[0m  [1m[35mCOMMIT[0m
  [1m[35m (0.2ms)[0m  [1m[35mBEGIN[0m
  [1m[36mOrder Create (0.4ms)[0m  [1m[32mINSERT INTO "orders" ("final_number", "total", "status", "created_at", "updated_at") VALUES ($1, $2, $3, $4, $5) RETURNING "id"[0m  [["final_number", 240], ["total", "697.0"], ["status", 2], ["created_at", "2020-11-03 16:40:33.685934"], ["updated_at", "2020-11-03 16:40:33.685934"]]
  [1m[35m (2.9ms)[0m  [1m[35mCOMMIT[0m
  [1m[35m (0.3ms)[0m  [1m[35mBEGIN[0m
  [1m[36mOrder Create (0.5ms)[0m  [1m[32mINSERT INTO "orders" ("final_number", "total", "status", "created_at", "updated_at") VALUES ($1, $2, $3, $4, $5) RETURNING "id"[0m  [["final_number", 273], ["total", "895.0"], ["status", 2], ["created_at", "2020-11-03 16:40:33.695437"], ["updated_at", "2020-11-03 16:40:33.695437"]]
  [1m[35m (1.9ms)[0m  [1m[35mCOMMIT[0m
  [1m[35m (0.2ms)[0m  [1m[35mBEGIN[0m
  [1m[36mOrder Create (0.5ms)[0m  [1m[32mINSERT INTO "orders" ("final_number", "total", "status", "created_at", "updated_at") VALUES ($1, $2, $3, $4, $5) RETURNING "id"[0m  [["final_number", 254], ["total", "792.0"], ["status", 2], ["created_at", "2020-11-03 16:40:33.702759"], ["updated_at", "2020-11-03 16:40:33.702759"]]
  [1m[35m (3.5ms)[0m  [1m[35mCOMMIT[0m
  [1m[35m (0.3ms)[0m  [1m[35mBEGIN[0m
  [1m[36mOrder Create (0.5ms)[0m  [1m[32mINSERT INTO "orders" ("final_number", "total", "status", "created_at", "updated_at") VALUES ($1, $2, $3, $4, $5) RETURNING "id"[0m  [["final_number", 257], ["total", "850.0"], ["status", 2], ["created_at", "2020-11-03 16:40:33.711108"], ["updated_at", "2020-11-03 16:40:33.711108"]]
  [1m[35m (2.9ms)[0m  [1m[35mCOMMIT[0m
  [1m[35m (0.3ms)[0m  [1m[35mBEGIN[0m
  [1m[36mOrder Create (0.5ms)[0m  [1m[32mINSERT INTO "orders" ("final_number", "total", "status", "created_at", "updated_at") VALUES ($1, $2, $3, $4, $5) RETURNING "id"[0m  [["final_number", 291], ["total", "474.0"], ["status", 2], ["created_at", "2020-11-03 16:40:33.719637"], ["updated_at", "2020-11-03 16:40:33.719637"]]
  [1m[35m (2.3ms)[0m  [1m[35mCOMMIT[0m
  [1m[35m (0.3ms)[0m  [1m[35mBEGIN[0m
  [1m[36mOrder Create (0.4ms)[0m  [1m[32mINSERT INTO "orders" ("final_number", "total", "status", "created_at", "updated_at") VALUES ($1, $2, $3, $4, $5) RETURNING "id"[0m  [["final_number", 245], ["total", "639.0"], ["status", 2], ["created_at", "2020-11-03 16:40:33.727814"], ["updated_at", "2020-11-03 16:40:33.727814"]]
  [1m[35m (3.4ms)[0m  [1m[35mCOMMIT[0m
  [1m[35m (0.2ms)[0m  [1m[35mBEGIN[0m
  [1m[36mOrder Create (0.4ms)[0m  [1m[32mINSERT INTO "orders" ("final_number", "total", "status", "created_at", "updated_at") VALUES ($1, $2, $3, $4, $5) RETURNING "id"[0m  [["final_number", 230], ["total", "164.0"], ["status", 2], ["created_at", "2020-11-03 16:40:33.736033"], ["updated_at", "2020-11-03 16:40:33.736033"]]
  [1m[35m (3.7ms)[0m  [1m[35mCOMMIT[0m
  [1m[35m (0.3ms)[0m  [1m[35mBEGIN[0m
  [1m[36mOrder Create (0.5ms)[0m  [1m[32mINSERT INTO "orders" ("final_number", "total", "status", "created_at", "updated_at") VALUES ($1, $2, $3, $4, $5) RETURNING "id"[0m  [["final_number", 222], ["total", "668.0"], ["status", 2], ["created_at", "2020-11-03 16:40:33.744384"], ["updated_at", "2020-11-03 16:40:33.744384"]]
  [1m[35m (3.5ms)[0m  [1m[35mCOMMIT[0m
  [1m[35m (0.2ms)[0m  [1m[35mBEGIN[0m
  [1m[36mOrder Create (0.4ms)[0m  [1m[32mINSERT INTO "orders" ("final_number", "total", "status", "created_at", "updated_at") VALUES ($1, $2, $3, $4, $5) RETURNING "id"[0m  [["final_number", 258], ["total", "259.0"], ["status", 2], ["created_at", "2020-11-03 16:40:33.752851"], ["updated_at", "2020-11-03 16:40:33.752851"]]
  [1m[35m (3.5ms)[0m  [1m[35mCOMMIT[0m
  [1m[35m (0.2ms)[0m  [1m[35mBEGIN[0m
  [1m[36mOrder Create (0.4ms)[0m  [1m[32mINSERT INTO "orders" ("final_number", "total", "status", "created_at", "updated_at") VALUES ($1, $2, $3, $4, $5) RETURNING "id"[0m  [["final_number", 209], ["total", "516.0"], ["status", 2], ["created_at", "2020-11-03 16:40:33.761077"], ["updated_at", "2020-11-03 16:40:33.761077"]]
  [1m[35m (3.6ms)[0m  [1m[35mCOMMIT[0m
DEPRECATION WARNING: Single arity template handlers are deprecated. Template handlers must
now accept two parameters, the view object and the source for the view object.
Change:
  >> Coffee::Rails::TemplateHandler.call(template)
To:
  >> Coffee::Rails::TemplateHandler.call(template, source)
 (called from <main> at /var/www/app/config/environment.rb:5)
DEPRECATION WARNING: Single arity template handlers are deprecated. Template handlers must
now accept two parameters, the view object and the source for the view object.
Change:
  >> Coffee::Rails::TemplateHandler.call(template)
To:
  >> Coffee::Rails::TemplateHandler.call(template, source)
 (called from <main> at /var/www/app/config/environment.rb:5)
  [1m[36mOrder Load (0.3ms)[0m  [1m[34mSELECT "orders".* FROM "orders" LIMIT $1[0m  [["LIMIT", 11]]
